iMPACT Version: 14.5

iMPACT log file Started on Sat Apr 26 21:06:14 2014

Welcome to iMPACT
iMPACT Version: 14.5
// *** BATCH CMD : setMode -bs
GUI --- Auto connect to cable...
// *** BATCH CMD : setCable -port auto
INFO:iMPACT - Connecting to TCF agent...
INFO:iMPACT - Digilent Plugin: Plugin Version: 2.4.4
INFO:iMPACT - Digilent Plugin: found 1 device(s).
INFO:iMPACT - Digilent Plugin: opening device: "Zed", SN:210248447012
INFO:iMPACT - Digilent Plugin: User Name: Zed
INFO:iMPACT - Digilent Plugin: Product Name: Digilent Zed
INFO:iMPACT - Digilent Plugin: Serial Number: 210248447012
INFO:iMPACT - Digilent Plugin: Product ID: 00E00153
INFO:iMPACT - Digilent Plugin: Firmware Version: 0105
INFO:iMPACT - Digilent Plugin: JTAG Port Number: 0
INFO:iMPACT - Digilent Plugin: JTAG Clock Frequency: 10000000 Hz
Attempting to identify devices in the boundary-scan chain configuration...
INFO:iMPACT - Current time: 4/26/2014 9:06:25 PM
// *** BATCH CMD : Identify -inferir 
PROGRESS_START - Starting Operation.
Identifying chain contents...'0': : Manufacturer's ID = Xilinx xc7z020, Version : 0
INFO:iMPACT:1777 - 
   Reading C:/Xilinx/14.5/ISE_DS/ISE/zynq/data/xc7z020.bsd...
INFO:iMPACT - Using CseAdapterBSDevice
INFO:iMPACT:501 - '1': Added Device xc7z020 successfully.
----------------------------------------------------------------------
'1': : Manufacturer's ID = Xilinx zynq7000_arm_dap, Version : 4
INFO:iMPACT:501 - '1': Added Device UNKNOWN successfully.
----------------------------------------------------------------------
INFO:iMPACT:1777 - 
   Reading C:/Xilinx/14.5/ISE_DS/ISE/zynq/data/zynq7000_arm_dap.bsd...
----------------------------------------------------------------------
done.
PROGRESS_END - End Operation.
Elapsed time =      1 sec.
// *** BATCH CMD : identifyMPM 
// *** BATCH CMD : assignFile -p 2 -file"U:/public/DigitalProject/Zedboard_OV7670/ov7670/work/ov7670_top.bit"
'2': Loading file'U:/public/DigitalProject/Zedboard_OV7670/ov7670/work/ov7670_top.bit' ...
done.
INFO:iMPACT - Using CseAdapterBSDevice
INFO:iMPACT:2257 - Startup Clock has been changed to 'JtagClk' in the bitstream   stored in memory,
   but the original bitstream file remains unchanged.
UserID read from the bitstream file = 0xFFFFFFFF.
----------------------------------------------------------------------
INFO:iMPACT:501 - '2': Added Device xc7z020 successfully.
----------------------------------------------------------------------
INFO:iMPACT - Current time: 4/26/2014 9:06:44 PM
// *** BATCH CMD : Program -p 2 
PROGRESS_START - Starting Operation.
Maximum TCK operating frequency for this device chain: 20000000.
Validating chain...
Boundary-scan chain validated successfully.
2: Device Temperature: Current Reading:   40.04 C, Min. Reading:   28.23 C, Max.Reading:   40.53 C
2: VCCINT Supply: Current Reading:   0.996 V, Min. Reading:   0.993 V, Max.Reading:   0.999 V
2: VCCAUX Supply: Current Reading:   1.802 V, Min. Reading:   1.799 V, Max.Reading:   1.805 V
INFO:iMPACT - Creating XC7Z020 device.
PROGRESS_START - Starting Operation.
'2': Programming device...
 Match_cycle = NoWait.
Match cycle: NoWait
 LCK_cycle = NoWait.
LCK cycle: NoWait
done.
INFO:Cse - Status register values:
INFO:Cse - 0011 1111 1111 1110 0000 1000 0110 0010 
INFO:Cse - '2': Completed downloading bit file to device.
INFO:Cse - '2': Programming completed successfully.
 Match_cycle = NoWait.
Match cycle: NoWait
 LCK_cycle = NoWait.
LCK cycle: NoWait
INFO:iMPACT - '2': Checking done pin....done.
'2': Programmed successfully.
PROGRESS_END - End Operation.
Elapsed time =      4 sec.
INFO:iMPACT - Current time: 4/26/2014 9:07:00 PM
// *** BATCH CMD : Program -p 2 
Maximum TCK operating frequency for this device chain: 20000000.
Validating chain...
Boundary-scan chain validated successfully.
2: Device Temperature: Current Reading:   38.56 C, Min. Reading:   36.59 C, Max.Reading:   39.05 C
2: VCCINT Supply: Current Reading:   0.996 V, Min. Reading:   0.996 V, Max.Reading:   0.999 V
2: VCCAUX Supply: Current Reading:   1.802 V, Min. Reading:   1.799 V, Max.Reading:   1.805 V
PROGRESS_START - Starting Operation.
'2': Programming device...
 Match_cycle = NoWait.
Match cycle: NoWait
 LCK_cycle = NoWait.
LCK cycle: NoWait
done.
INFO:Cse - Status register values:
INFO:Cse - 0011 1111 1111 1110 0000 1000 0110 0010 
INFO:Cse - '2': Completed downloading bit file to device.
INFO:Cse - '2': Programming completed successfully.
PROGRESS_END - End Operation.
Elapsed time =      3 sec.
 Match_cycle = NoWait.
Match cycle: NoWait
 LCK_cycle = NoWait.
LCK cycle: NoWait
INFO:iMPACT - '2': Checking done pin....done.
'2': Programmed successfully.
// *** BATCH CMD : setMode -bs
INFO:iMPACT - Launching WebTalk, please refer to the webtalk log at   U:\public\DigitalProject\Zedboard_OV7670\ov7670\webtalk.log for details.
