
*** Running vivado
    with args -log myip_v1_0.rds -m64 -mode batch -messageDb vivado.pb -source myip_v1_0.tcl


****** Vivado v2013.4 (64-bit)
  **** SW Build 353583 on Mon Dec  9 17:49:19 MST 2013
  **** IP Build 208076 on Mon Dec  2 12:38:17 MST 2013
    ** Copyright 1986-1999, 2001-2013 Xilinx, Inc. All Rights Reserved.

Attempting to get a license: Implementation
Feature available: Implementation
Loading parts and site information from C:/Xilinx/Vivado/2013.4/data/parts/arch.xml
Parsing RTL primitives file [C:/Xilinx/Vivado/2013.4/data/parts/xilinx/rtl/prims/rtl_prims.xml]
Finished parsing RTL primitives file [C:/Xilinx/Vivado/2013.4/data/parts/xilinx/rtl/prims/rtl_prims.xml]
source myip_v1_0.tcl
# set_param gui.test TreeTableDev
# set_msg_config -id {Common-41} -limit 4294967295
# set_msg_config -id {HDL 9-1061} -limit 100000
# set_msg_config -id {HDL 9-1654} -limit 100000
# create_project -in_memory -part xc7z020clg484-1
# set_property target_language Verilog [current_project]
# set_param project.compositeFile.enableAutoGeneration 0
# set_property ip_repo_paths {
#   U:/public/VGA_PS/myip_1.0
#   U:/public/VGA_PS/TestIP_1.0
# } [current_fileset]
# read_verilog {
#   U:/public/VGA_PS/myip_1.0/hdl/myip_v1_0_S00_AXI.v
#   U:/public/VGA_PS/myip_1.0/hdl/myip_v1_0.v
# }
# set_param synth.vivado.isSynthRun true
# set_property webtalk.parent_dir U:/public/VGA_PS/edit_myip_v1_0.data/wt [current_project]
# set_property parent.project_dir U:/public/VGA_PS [current_project]
# synth_design -top myip_v1_0 -part xc7z020clg484-1
Command: synth_design -top myip_v1_0 -part xc7z020clg484-1

Starting synthesis...

Attempting to get a license for feature 'Synthesis' and/or device 'xc7z020'
INFO: [Common 17-349] Got license for feature 'Synthesis' and/or device 'xc7z020'
---------------------------------------------------------------------------------
Starting Synthesize : Time (s): cpu = 00:00:04 ; elapsed = 00:00:05 . Memory (MB): peak = 234.012 ; gain = 86.594
---------------------------------------------------------------------------------
INFO: [Synth 8-638] synthesizing module 'myip_v1_0' [U:/public/VGA_PS/myip_1.0/hdl/myip_v1_0.v:1]
	Parameter C_S00_AXI_DATA_WIDTH bound to: 32 - type: integer 
	Parameter C_S00_AXI_ADDR_WIDTH bound to: 4 - type: integer 
INFO: [Synth 8-638] synthesizing module 'myip_v1_0_S00_AXI' [U:/public/VGA_PS/myip_1.0/hdl/myip_v1_0_S00_AXI.v:1]
	Parameter C_S_AXI_DATA_WIDTH bound to: 32 - type: integer 
	Parameter C_S_AXI_ADDR_WIDTH bound to: 4 - type: integer 
	Parameter ADDR_LSB bound to: 2 - type: integer 
	Parameter OPT_MEM_ADDR_BITS bound to: 1 - type: integer 
INFO: [Synth 8-226] default block is never used [U:/public/VGA_PS/myip_1.0/hdl/myip_v1_0_S00_AXI.v:222]
INFO: [Synth 8-226] default block is never used [U:/public/VGA_PS/myip_1.0/hdl/myip_v1_0_S00_AXI.v:369]
INFO: [Synth 8-256] done synthesizing module 'myip_v1_0_S00_AXI' (1#1) [U:/public/VGA_PS/myip_1.0/hdl/myip_v1_0_S00_AXI.v:1]
INFO: [Synth 8-256] done synthesizing module 'myip_v1_0' (2#1) [U:/public/VGA_PS/myip_1.0/hdl/myip_v1_0.v:1]
---------------------------------------------------------------------------------
Finished Synthesize : Time (s): cpu = 00:00:05 ; elapsed = 00:00:06 . Memory (MB): peak = 267.270 ; gain = 119.852
---------------------------------------------------------------------------------

---------------------------------------------------------------------------------
Start RTL Optimization
---------------------------------------------------------------------------------
---------------------------------------------------------------------------------
Finished RTL Optimization : Time (s): cpu = 00:00:05 ; elapsed = 00:00:06 . Memory (MB): peak = 267.270 ; gain = 119.852
---------------------------------------------------------------------------------


Report RTL Partitions: 
+-+--------------+------------+----------+
| |RTL Partition |Replication |Instances |
+-+--------------+------------+----------+
+-+--------------+------------+----------+

---------------------------------------------------------------------------------
Start Loading Part and Timing Information
---------------------------------------------------------------------------------
Loading part: xc7z020clg484-1
Loading clock regions from C:/Xilinx/Vivado/2013.4/data\parts/xilinx/zynq/zynq/xc7z020/ClockRegion.xml
Loading clock buffers from C:/Xilinx/Vivado/2013.4/data\parts/xilinx/zynq/zynq/xc7z020/ClockBuffers.xml
Loading clock placement rules from C:/Xilinx/Vivado/2013.4/data/parts/xilinx/zynq/ClockPlacerRules.xml
Loading package pin functions from C:/Xilinx/Vivado/2013.4/data\parts/xilinx/zynq/PinFunctions.xml...
Loading package from C:/Xilinx/Vivado/2013.4/data\parts/xilinx/zynq/zynq/xc7z020/clg484/Package.xml
Loading io standards from C:/Xilinx/Vivado/2013.4/data\./parts/xilinx/zynq/IOStandards.xml
Part Resources:
DSPs: 220 (col length:60)
BRAMs: 280 (col length: RAMB18 60 RAMB36 30)
---------------------------------------------------------------------------------
Finished Loading Part and Timing Information : Time (s): cpu = 00:00:23 ; elapsed = 00:00:25 . Memory (MB): peak = 548.418 ; gain = 401.000
---------------------------------------------------------------------------------

No constraint files found.

---------------------------------------------------------------------------------
Start RTL Component Statistics 
---------------------------------------------------------------------------------
Detailed RTL Component Info : 
+---Registers : 
	               32 Bit    Registers := 5     
	                4 Bit    Registers := 2     
	                2 Bit    Registers := 2     
	                1 Bit    Registers := 5     
+---Muxes : 
	   2 Input     32 Bit        Muxes := 4     
	   2 Input      1 Bit        Muxes := 6     

---------------------------------------------------------------------------------
Finished RTL Component Statistics 
---------------------------------------------------------------------------------

---------------------------------------------------------------------------------
Start RTL Hierarchical Component Statistics 
---------------------------------------------------------------------------------
Hierarchical RTL Component report 
Module myip_v1_0 
Detailed RTL Component Info : 
Module myip_v1_0_S00_AXI 
Detailed RTL Component Info : 
+---Registers : 
	               32 Bit    Registers := 5     
	                4 Bit    Registers := 2     
	                2 Bit    Registers := 2     
	                1 Bit    Registers := 5     
+---Muxes : 
	   2 Input     32 Bit        Muxes := 4     
	   2 Input      1 Bit        Muxes := 6     

---------------------------------------------------------------------------------
Finished RTL Hierarchical Component Statistics
---------------------------------------------------------------------------------

---------------------------------------------------------------------------------
Start Cross Boundary Optimization
---------------------------------------------------------------------------------
WARNING: [Synth 8-3332] Sequential element (\myip_v1_0_S00_AXI_inst/axi_awaddr_reg[1] ) is unused and will be removed from module myip_v1_0.
WARNING: [Synth 8-3332] Sequential element (\myip_v1_0_S00_AXI_inst/axi_awaddr_reg[0] ) is unused and will be removed from module myip_v1_0.
WARNING: [Synth 8-3332] Sequential element (\myip_v1_0_S00_AXI_inst/axi_araddr_reg[1] ) is unused and will be removed from module myip_v1_0.
WARNING: [Synth 8-3332] Sequential element (\myip_v1_0_S00_AXI_inst/axi_araddr_reg[0] ) is unused and will be removed from module myip_v1_0.
WARNING: [Synth 8-3332] Sequential element (\myip_v1_0_S00_AXI_inst/axi_awaddr_reg[1] ) is unused and will be removed from module myip_v1_0.
WARNING: [Synth 8-3332] Sequential element (\myip_v1_0_S00_AXI_inst/axi_awaddr_reg[0] ) is unused and will be removed from module myip_v1_0.
WARNING: [Synth 8-3332] Sequential element (\myip_v1_0_S00_AXI_inst/axi_araddr_reg[1] ) is unused and will be removed from module myip_v1_0.
WARNING: [Synth 8-3332] Sequential element (\myip_v1_0_S00_AXI_inst/axi_araddr_reg[0] ) is unused and will be removed from module myip_v1_0.
WARNING: [Synth 8-3331] design myip_v1_0 has unconnected port s00_axi_awaddr[1]
WARNING: [Synth 8-3331] design myip_v1_0 has unconnected port s00_axi_awaddr[0]
WARNING: [Synth 8-3331] design myip_v1_0 has unconnected port s00_axi_awprot[2]
WARNING: [Synth 8-3331] design myip_v1_0 has unconnected port s00_axi_awprot[1]
WARNING: [Synth 8-3331] design myip_v1_0 has unconnected port s00_axi_awprot[0]
WARNING: [Synth 8-3331] design myip_v1_0 has unconnected port s00_axi_araddr[1]
WARNING: [Synth 8-3331] design myip_v1_0 has unconnected port s00_axi_araddr[0]
WARNING: [Synth 8-3331] design myip_v1_0 has unconnected port s00_axi_arprot[2]
WARNING: [Synth 8-3331] design myip_v1_0 has unconnected port s00_axi_arprot[1]
WARNING: [Synth 8-3331] design myip_v1_0 has unconnected port s00_axi_arprot[0]
---------------------------------------------------------------------------------
Finished Cross Boundary Optimization : Time (s): cpu = 00:00:23 ; elapsed = 00:00:25 . Memory (MB): peak = 558.113 ; gain = 410.695
---------------------------------------------------------------------------------

---------------------------------------------------------------------------------
Start RAM, DSP and Shift Register Reporting
---------------------------------------------------------------------------------
---------------------------------------------------------------------------------
Finished RAM, DSP and Shift Register Reporting
---------------------------------------------------------------------------------

---------------------------------------------------------------------------------
Start Area Optimization
---------------------------------------------------------------------------------
WARNING: [Synth 8-3332] Sequential element (\myip_v1_0_S00_AXI_inst/axi_bresp_reg[1] ) is unused and will be removed from module myip_v1_0.
WARNING: [Synth 8-3332] Sequential element (\myip_v1_0_S00_AXI_inst/axi_bresp_reg[0] ) is unused and will be removed from module myip_v1_0.
WARNING: [Synth 8-3332] Sequential element (\myip_v1_0_S00_AXI_inst/axi_rresp_reg[1] ) is unused and will be removed from module myip_v1_0.
WARNING: [Synth 8-3332] Sequential element (\myip_v1_0_S00_AXI_inst/axi_rresp_reg[0] ) is unused and will be removed from module myip_v1_0.
No constraint files found.
---------------------------------------------------------------------------------
Finished Area Optimization : Time (s): cpu = 00:00:23 ; elapsed = 00:00:25 . Memory (MB): peak = 582.781 ; gain = 435.363
---------------------------------------------------------------------------------


---------------------------------------------------------------------------------
Start Timing Optimization
---------------------------------------------------------------------------------
No constraint files found.
---------------------------------------------------------------------------------
Finished Timing Optimization : Time (s): cpu = 00:00:23 ; elapsed = 00:00:25 . Memory (MB): peak = 582.781 ; gain = 435.363
---------------------------------------------------------------------------------


---------------------------------------------------------------------------------
Start Technology Mapping
---------------------------------------------------------------------------------
---------------------------------------------------------------------------------
Finished Technology Mapping : Time (s): cpu = 00:00:23 ; elapsed = 00:00:25 . Memory (MB): peak = 582.781 ; gain = 435.363
---------------------------------------------------------------------------------


---------------------------------------------------------------------------------
Start IO Insertion
---------------------------------------------------------------------------------

---------------------------------------------------------------------------------
Start Flattening Before IO Insertion
---------------------------------------------------------------------------------

---------------------------------------------------------------------------------
Finished Flattening Before IO Insertion
---------------------------------------------------------------------------------

---------------------------------------------------------------------------------
Start Final Netlist Cleanup
---------------------------------------------------------------------------------

---------------------------------------------------------------------------------
Finished Final Netlist Cleanup
---------------------------------------------------------------------------------
Gated Clock Conversion mode: off
---------------------------------------------------------------------------------
Finished IO Insertion : Time (s): cpu = 00:00:24 ; elapsed = 00:00:26 . Memory (MB): peak = 582.781 ; gain = 435.363
---------------------------------------------------------------------------------


Report Check Netlist: 
+------+------------------+-------+---------+-------+------------------+
|      |Item              |Errors |Warnings |Status |Description       |
+------+------------------+-------+---------+-------+------------------+
|1     |multi_driven_nets |      0|        0|Passed |Multi driven nets |
+------+------------------+-------+---------+-------+------------------+

---------------------------------------------------------------------------------
Start Renaming Generated Instances
---------------------------------------------------------------------------------
---------------------------------------------------------------------------------
Finished Renaming Generated Instances : Time (s): cpu = 00:00:24 ; elapsed = 00:00:26 . Memory (MB): peak = 582.781 ; gain = 435.363
---------------------------------------------------------------------------------


---------------------------------------------------------------------------------
Start Rebuilding User Hierarchy
---------------------------------------------------------------------------------
---------------------------------------------------------------------------------
Finished Rebuilding User Hierarchy : Time (s): cpu = 00:00:24 ; elapsed = 00:00:26 . Memory (MB): peak = 582.781 ; gain = 435.363
---------------------------------------------------------------------------------

---------------------------------------------------------------------------------
Start RAM, DSP and Shift Register Reporting
---------------------------------------------------------------------------------
---------------------------------------------------------------------------------
Finished RAM, DSP and Shift Register Reporting
---------------------------------------------------------------------------------

---------------------------------------------------------------------------------
Start Writing Synthesis Report
---------------------------------------------------------------------------------

Report BlackBoxes: 
+-+--------------+----------+
| |BlackBox name |Instances |
+-+--------------+----------+
+-+--------------+----------+

Report Cell Usage: 
+------+-----+------+
|      |Cell |Count |
+------+-----+------+
|1     |BUFG |     1|
|2     |LUT1 |     1|
|3     |LUT2 |     8|
|4     |LUT3 |     2|
|5     |LUT4 |     6|
|6     |LUT5 |     3|
|7     |LUT6 |   160|
|8     |FDRE |   169|
|9     |IBUF |    47|
|10    |OBUF |    66|
+------+-----+------+

Report Instance Areas: 
+------+-------------------------+------------------+------+
|      |Instance                 |Module            |Cells |
+------+-------------------------+------------------+------+
|1     |top                      |                  |   463|
|2     |  myip_v1_0_S00_AXI_inst |myip_v1_0_S00_AXI |   349|
+------+-------------------------+------------------+------+
---------------------------------------------------------------------------------
Finished Writing Synthesis Report : Time (s): cpu = 00:00:24 ; elapsed = 00:00:26 . Memory (MB): peak = 582.781 ; gain = 435.363
---------------------------------------------------------------------------------

Synthesis finished with 0 errors, 0 critical warnings and 22 warnings.
Synthesis Optimization Complete : Time (s): cpu = 00:00:24 ; elapsed = 00:00:26 . Memory (MB): peak = 582.781 ; gain = 435.363
INFO: [Netlist 29-17] Analyzing 47 Unisim elements for replacement
INFO: [Netlist 29-28] Unisim Transformation completed in 0 CPU seconds
INFO: [Opt 31-140] Inserted 0 IBUFs to IO ports without IO buffers.
INFO: [Opt 31-141] Inserted 0 OBUFs to IO ports without IO buffers.
INFO: [Opt 31-138] Pushed 0 inverter(s).
INFO: [Memdata 28-144] Successfully populated the BRAM INIT strings from the following elf files: 
INFO: [Project 1-111] Unisim Transformation Summary:
No Unisim elements were transformed.

INFO: [Common 17-83] Releasing license: Synthesis
15 Infos, 22 Warnings, 0 Critical Warnings and 0 Errors encountered.
synth_design completed successfully
synth_design: Time (s): cpu = 00:00:36 ; elapsed = 00:00:38 . Memory (MB): peak = 970.574 ; gain = 784.602
# write_checkpoint myip_v1_0.dcp
INFO: [Timing 38-35] Done setting XDC timing constraints.
# report_utilization -file myip_v1_0_utilization_synth.rpt -pb myip_v1_0_utilization_synth.pb
report_utilization: Time (s): cpu = 00:00:00 ; elapsed = 00:00:00.076 . Memory (MB): peak = 970.574 ; gain = 0.000
INFO: [Common 17-206] Exiting Vivado at Thu Mar 06 10:04:07 2014...
