Copyright 1986-1999, 2001-2013 Xilinx, Inc. All Rights Reserved.
--------------------------------------------------------------------------------------
| Tool Version : Vivado v.2013.4 (win64) Build 353583 Mon Dec  9 17:49:19 MST 2013
| Date         : Sat Mar 08 23:19:25 2014
| Host         : DANA307-09 running 64-bit Service Pack 1  (build 7601)
| Command      : report_clock_utilization -file vga_hdmi_clock_utilization_placed.rpt
| Design       : vga_hdmi
| Device       : xc7z020
--------------------------------------------------------------------------------------

Clock Utilization Report

Table of Contents
-----------------
1. Clock Primitive Utilization
2. Details of Global Clocks
3. Details of Regional Clocks
4. Details of Multi-Regional Clocks
5. Details of I/O Clocks
6. Details of Local Clocks
7. Clock Regions : Key Resource Utilization
8. Net wise resources used in clock region X0Y0
9. Net wise resources used in clock region X1Y0
10. Net wise resources used in clock region X0Y1
11. Net wise resources used in clock region X1Y1
12. Net wise resources used in clock region X0Y2
13. Net wise resources used in clock region X1Y2

1. Clock Primitive Utilization
------------------------------

+-------+------+-----------+------------+
| Type  | Used | Available | Num Locked |
+-------+------+-----------+------------+
| BUFG  |    3 |        32 |          0 |
| BUFH  |    0 |        72 |          0 |
| BUFIO |    0 |        16 |          0 |
| MMCM  |    0 |         4 |          0 |
| BUFR  |    0 |        16 |          0 |
| BUFMR |    0 |         8 |          0 |
+-------+------+-----------+------------+


2. Details of Global Clocks
---------------------------

+-------+-------------------------------------------------------------------------------+-------------------------------------------------------+--------------+--------+---------------+-----------+
|       |                                                                               |                                                       |   Num Loads  |        |               |           |
+-------+-------------------------------------------------------------------------------+-------------------------------------------------------+------+-------+--------+---------------+-----------+
| Index | BUFG Cell                                                                     | Net Name                                              | BELs | Sites | Locked | MaxDelay (ns) | Skew (ns) |
+-------+-------------------------------------------------------------------------------+-------------------------------------------------------+------+-------+--------+---------------+-----------+
|     1 | clk_buf                                                                       | prebuf_clk_100                                        |    1 |     1 |     no |         1.879 |     0.094 |
|     2 | clk_BUFG_inst                                                                 | clk_BUFG                                              |  456 |   387 |     no |         2.275 |     0.690 |
|     3 | system_i/system_i/processing_system7_0/inst/buffer_fclk_clk_0.FCLK_CLK_0_BUFG | system_i/system_i/processing_system7_0/inst/FCLK_CLK0 |  698 |   223 |     no |         2.048 |     0.399 |
+-------+-------------------------------------------------------------------------------+-------------------------------------------------------+------+-------+--------+---------------+-----------+


3. Details of Regional Clocks
-----------------------------

4. Details of Multi-Regional Clocks
-----------------------------------

5. Details of I/O Clocks
------------------------

6. Details of Local Clocks
--------------------------

7. Clock Regions : Key Resource Utilization
-------------------------------------------

+-------------------+--------------+--------------+--------------+--------------+--------------+--------------+--------------+--------------+--------------+--------------+--------------+--------------+--------------+--------------+--------------+
|                   | Global Clock |     BUFRs    |    BUFMRs    |    BUFIOs    |     MMCM     |      PLL     |      GT      |      PCI     |    ILOGIC    |    OLOGIC    |      FF      |     LUTM     |    RAMB18    |    RAMB36    |    DSP48E1   |
+-------------------+------+-------+------+-------+------+-------+------+-------+------+-------+------+-------+------+-------+------+-------+------+-------+------+-------+------+-------+------+-------+------+-------+------+-------+------+-------+
| Clock Region Name | Used | Avail | Used | Avail | Used | Avail | Used | Avail | Used | Avail | Used | Avail | Used | Avail | Used | Avail | Used | Avail | Used | Avail | Used | Avail | Used | Avail | Used | Avail | Used | Avail | Used | Avail |
+-------------------+------+-------+------+-------+------+-------+------+-------+------+-------+------+-------+------+-------+------+-------+------+-------+------+-------+------+-------+------+-------+------+-------+------+-------+------+-------+
| X0Y0              |    1 |    12 |    0 |     4 |    0 |     2 |    0 |     4 |    0 |     1 |    0 |     1 |    0 |     0 |    0 |     0 |    0 |    50 |    0 |    50 |   40 | 20000 |    0 |  4000 |    0 |   120 |   27 |    30 |    0 |    60 |
| X1Y0              |    2 |    12 |    0 |     4 |    0 |     2 |    0 |     4 |    0 |     1 |    1 |     1 |    0 |     0 |    0 |     0 |    0 |    50 |   10 |    50 |  209 | 25600 |    3 |  3400 |    1 |   120 |   27 |    30 |    6 |    40 |
| X0Y1              |    2 |    12 |    0 |     0 |    0 |     0 |    0 |     0 |    0 |     0 |    0 |     0 |    0 |     0 |    0 |     0 |    0 |     0 |    0 |     0 |  528 |  9600 |   59 |  1600 |    0 |    40 |    8 |    10 |    0 |    20 |
| X1Y1              |    1 |    12 |    0 |     4 |    0 |     2 |    0 |     4 |    0 |     1 |    0 |     1 |    0 |     0 |    0 |     0 |    0 |    50 |    0 |    50 |   21 | 20800 |    0 |  3400 |    0 |   120 |   28 |    30 |    0 |    40 |
| X0Y2              |    2 |    12 |    0 |     0 |    0 |     0 |    0 |     0 |    0 |     0 |    0 |     0 |    0 |     0 |    0 |     0 |    0 |     0 |    0 |     0 |  139 |  9600 |   10 |  1600 |    0 |    36 |   10 |     9 |    0 |    20 |
| X1Y2              |    1 |    12 |    0 |     4 |    0 |     2 |    0 |     4 |    0 |     1 |    0 |     1 |    0 |     0 |    0 |     0 |    0 |    50 |    0 |    50 |    8 | 20800 |    0 |  3400 |    0 |   108 |   20 |    27 |    0 |    40 |
+-------------------+------+-------+------+-------+------+-------+------+-------+------+-------+------+-------+------+-------+------+-------+------+-------+------+-------+------+-------+------+-------+------+-------+------+-------+------+-------+
* RAMB36 site can be used as two RAMB18/FIFO18 sites


8. Net wise resources used in clock region X0Y0
-----------------------------------------------

+-------------+--------+-----------+---------+-----------+---------+---------+-----+-------+----------+------+----------------+
| Source Type | Locked | MMCM Pins | GT Pins | BRAM Pins | ILOGICs | OLOGICs | FFs | LUTMs | DSP48E1s | PLLs | Clock Net Name |
+-------------+--------+-----------+---------+-----------+---------+---------+-----+-------+----------+------+----------------+
| BUFG        |   no   |         0 |       0 |        54 |       0 |       0 |  40 |     0 |        0 |    0 | clk_BUFG       |
+-------------+--------+-----------+---------+-----------+---------+---------+-----+-------+----------+------+----------------+


9. Net wise resources used in clock region X1Y0
-----------------------------------------------

+-------------+--------+-----------+---------+-----------+---------+---------+-----+-------+----------+------+----------------+
| Source Type | Locked | MMCM Pins | GT Pins | BRAM Pins | ILOGICs | OLOGICs | FFs | LUTMs | DSP48E1s | PLLs | Clock Net Name |
+-------------+--------+-----------+---------+-----------+---------+---------+-----+-------+----------+------+----------------+
| BUFG        |   no   |         0 |       0 |         0 |       0 |       0 |   0 |     0 |        0 |    1 | prebuf_clk_100 |
| BUFG        |   no   |         0 |       0 |        55 |       0 |       9 | 209 |     3 |        6 |    0 | clk_BUFG       |
+-------------+--------+-----------+---------+-----------+---------+---------+-----+-------+----------+------+----------------+


10. Net wise resources used in clock region X0Y1
------------------------------------------------

+-------------+--------+-----------+---------+-----------+---------+---------+-----+-------+----------+------+-------------------------------------------------------+
| Source Type | Locked | MMCM Pins | GT Pins | BRAM Pins | ILOGICs | OLOGICs | FFs | LUTMs | DSP48E1s | PLLs |                                        Clock Net Name |
+-------------+--------+-----------+---------+-----------+---------+---------+-----+-------+----------+------+-------------------------------------------------------+
| BUFG        |   no   |         0 |       0 |        16 |       0 |       0 |  32 |     0 |        0 |    0 | clk_BUFG                                              |
| BUFG        |   no   |         0 |       0 |         0 |       0 |       0 | 496 |    59 |        0 |    0 | system_i/system_i/processing_system7_0/inst/FCLK_CLK0 |
+-------------+--------+-----------+---------+-----------+---------+---------+-----+-------+----------+------+-------------------------------------------------------+


11. Net wise resources used in clock region X1Y1
------------------------------------------------

+-------------+--------+-----------+---------+-----------+---------+---------+-----+-------+----------+------+----------------+
| Source Type | Locked | MMCM Pins | GT Pins | BRAM Pins | ILOGICs | OLOGICs | FFs | LUTMs | DSP48E1s | PLLs | Clock Net Name |
+-------------+--------+-----------+---------+-----------+---------+---------+-----+-------+----------+------+----------------+
| BUFG        |   no   |         0 |       0 |        56 |       0 |       0 |  21 |     0 |        0 |    0 | clk_BUFG       |
+-------------+--------+-----------+---------+-----------+---------+---------+-----+-------+----------+------+----------------+


12. Net wise resources used in clock region X0Y2
------------------------------------------------

+-------------+--------+-----------+---------+-----------+---------+---------+-----+-------+----------+------+-------------------------------------------------------+
| Source Type | Locked | MMCM Pins | GT Pins | BRAM Pins | ILOGICs | OLOGICs | FFs | LUTMs | DSP48E1s | PLLs |                                        Clock Net Name |
+-------------+--------+-----------+---------+-----------+---------+---------+-----+-------+----------+------+-------------------------------------------------------+
| BUFG        |   no   |         0 |       0 |        20 |       0 |       0 |   7 |     0 |        0 |    0 | clk_BUFG                                              |
| BUFG        |   no   |         0 |       0 |         0 |       0 |       0 | 132 |    10 |        0 |    0 | system_i/system_i/processing_system7_0/inst/FCLK_CLK0 |
+-------------+--------+-----------+---------+-----------+---------+---------+-----+-------+----------+------+-------------------------------------------------------+


13. Net wise resources used in clock region X1Y2
------------------------------------------------

+-------------+--------+-----------+---------+-----------+---------+---------+-----+-------+----------+------+----------------+
| Source Type | Locked | MMCM Pins | GT Pins | BRAM Pins | ILOGICs | OLOGICs | FFs | LUTMs | DSP48E1s | PLLs | Clock Net Name |
+-------------+--------+-----------+---------+-----------+---------+---------+-----+-------+----------+------+----------------+
| BUFG        |   no   |         0 |       0 |        40 |       0 |       0 |   8 |     0 |        0 |    0 | clk_BUFG       |
+-------------+--------+-----------+---------+-----------+---------+---------+-----+-------+----------+------+----------------+



# Location of BUFG Primitives 
set_property LOC BUFGCTRL_X0Y1 [get_cells clk_buf]
set_property LOC BUFGCTRL_X0Y0 [get_cells clk_BUFG_inst]
set_property LOC BUFGCTRL_X0Y16 [get_cells system_i/system_i/processing_system7_0/inst/buffer_fclk_clk_0.FCLK_CLK_0_BUFG]

# Location of IO Clock Primitives

# Location of MMCM Clock Primitives

# Location of BUFH Clock Primitives

# Location of BUFR Clock Primitives

# Location of BUFMR Clock Primitives

# Location of PLL Clock Primitives
set_property LOC PLLE2_ADV_X1Y0 [get_cells PLLE2_BASE_inst]

# Location of IO Primitives which is load of clock spine

# Location of clock ports
set_property LOC IOB_X0Y26 [get_ports clk_100]

# Clock net "clk_BUFG" driven by instance "clk_BUFG_inst" located at site "BUFGCTRL_X0Y0"
#startgroup
create_pblock CLKAG_clk_BUFG
add_cells_to_pblock [get_pblocks  CLKAG_clk_BUFG] [get_cells  -filter { IS_PRIMITIVE==1 && PRIMITIVE_LEVEL !=INTERNAL } -of_object [get_pins -filter {DIRECTION==IN} -of_objects [get_nets -hierarchical -filter {PARENT=="clk_BUFG"}]]]
resize_pblock [get_pblocks CLKAG_clk_BUFG] -add {CLOCKREGION_X0Y0:CLOCKREGION_X0Y0 CLOCKREGION_X0Y1:CLOCKREGION_X0Y1 CLOCKREGION_X0Y2:CLOCKREGION_X0Y2 CLOCKREGION_X1Y0:CLOCKREGION_X1Y0 CLOCKREGION_X1Y1:CLOCKREGION_X1Y1 CLOCKREGION_X1Y2:CLOCKREGION_X1Y2}
#endgroup

# Clock net "prebuf_clk_100" driven by instance "clk_buf" located at site "BUFGCTRL_X0Y1"
#startgroup
create_pblock CLKAG_prebuf_clk_100
add_cells_to_pblock [get_pblocks  CLKAG_prebuf_clk_100] [get_cells  -filter { IS_PRIMITIVE==1 && PRIMITIVE_LEVEL !=INTERNAL } -of_object [get_pins -filter {DIRECTION==IN} -of_objects [get_nets -hierarchical -filter {PARENT=="prebuf_clk_100"}]]]
resize_pblock [get_pblocks CLKAG_prebuf_clk_100] -add {CLOCKREGION_X0Y0:CLOCKREGION_X0Y0 CLOCKREGION_X0Y1:CLOCKREGION_X0Y1 CLOCKREGION_X0Y2:CLOCKREGION_X0Y2 CLOCKREGION_X1Y0:CLOCKREGION_X1Y0 CLOCKREGION_X1Y1:CLOCKREGION_X1Y1 CLOCKREGION_X1Y2:CLOCKREGION_X1Y2}
#endgroup

# Clock net "system_i/system_i/processing_system7_0/inst/FCLK_CLK0" driven by instance "system_i/system_i/processing_system7_0/inst/buffer_fclk_clk_0.FCLK_CLK_0_BUFG" located at site "BUFGCTRL_X0Y16"
#startgroup
create_pblock CLKAG_system_i/system_i/processing_system7_0/inst/FCLK_CLK0
add_cells_to_pblock [get_pblocks  CLKAG_system_i/system_i/processing_system7_0/inst/FCLK_CLK0] [get_cells  -filter { IS_PRIMITIVE==1 && PRIMITIVE_LEVEL !=INTERNAL } -of_object [get_pins -filter {DIRECTION==IN} -of_objects [get_nets -hierarchical -filter {PARENT=="system_i/system_i/processing_system7_0/inst/FCLK_CLK0"}]]]
resize_pblock [get_pblocks CLKAG_system_i/system_i/processing_system7_0/inst/FCLK_CLK0] -add {CLOCKREGION_X0Y0:CLOCKREGION_X0Y0 CLOCKREGION_X0Y1:CLOCKREGION_X0Y1 CLOCKREGION_X0Y2:CLOCKREGION_X0Y2 CLOCKREGION_X1Y0:CLOCKREGION_X1Y0 CLOCKREGION_X1Y1:CLOCKREGION_X1Y1 CLOCKREGION_X1Y2:CLOCKREGION_X1Y2}
#endgroup

# Clock net "clkfb" driven by instance "PLLE2_BASE_inst" located at site "PLLE2_ADV_X1Y0"
#startgroup
create_pblock CLKAG_clkfb
add_cells_to_pblock [get_pblocks  CLKAG_clkfb] [get_cells  -filter { IS_PRIMITIVE==1 && PRIMITIVE_LEVEL !=INTERNAL } -of_object [get_pins -filter {DIRECTION==IN} -of_objects [get_nets -hierarchical -filter {PARENT=="clkfb"}]]]
resize_pblock [get_pblocks CLKAG_clkfb] -add {CLOCKREGION_X0Y0:CLOCKREGION_X0Y0 CLOCKREGION_X0Y1:CLOCKREGION_X0Y1 CLOCKREGION_X0Y2:CLOCKREGION_X0Y2 CLOCKREGION_X1Y0:CLOCKREGION_X1Y0 CLOCKREGION_X1Y1:CLOCKREGION_X1Y1 CLOCKREGION_X1Y2:CLOCKREGION_X1Y2}
#endgroup

# Clock net "clk90" driven by instance "PLLE2_BASE_inst" located at site "PLLE2_ADV_X1Y0"
#startgroup
create_pblock CLKAG_clk90
add_cells_to_pblock [get_pblocks  CLKAG_clk90] [get_cells  -filter { IS_PRIMITIVE==1 && PRIMITIVE_LEVEL !=INTERNAL } -of_object [get_pins -filter {DIRECTION==IN} -of_objects [get_nets -hierarchical -filter {PARENT=="clk90"}]]]
resize_pblock [get_pblocks CLKAG_clk90] -add {CLOCKREGION_X0Y0:CLOCKREGION_X0Y0 CLOCKREGION_X0Y1:CLOCKREGION_X0Y1 CLOCKREGION_X0Y2:CLOCKREGION_X0Y2 CLOCKREGION_X1Y0:CLOCKREGION_X1Y0 CLOCKREGION_X1Y1:CLOCKREGION_X1Y1 CLOCKREGION_X1Y2:CLOCKREGION_X1Y2}
#endgroup
