#-----------------------------------------------------------
# Vivado v2013.4 (64-bit)
# SW Build 353583 on Mon Dec  9 17:49:19 MST 2013
# IP Build 208076 on Mon Dec  2 12:38:17 MST 2013
# Start of session at: Tue Mar 11 10:38:42 2014
# Process ID: 7028
# Log file: U:/public/LAB_4_FILES_Ge/project_1/vivado.log
# Journal file: U:/public/LAB_4_FILES_Ge/project_1\vivado.jou
#-----------------------------------------------------------
Attempting to get a license: Implementation
Feature available: Implementation
Loading parts and site information from C:/Xilinx/Vivado/2013.4/data/parts/arch.xml
Parsing RTL primitives file [C:/Xilinx/Vivado/2013.4/data/parts/xilinx/rtl/prims/rtl_prims.xml]
Finished parsing RTL primitives file [C:/Xilinx/Vivado/2013.4/data/parts/xilinx/rtl/prims/rtl_prims.xml]
start_gui
open_project {U:\public\LAB_4_FILES_Ge\project_1\project_1.xpr}
INFO: [Project 1-313] Project file moved from 'U:/private/ELEC444/LAB_4_FILES/project_1' since last save.
Scanning sources...
Finished scanning sources
INFO: [IP_Flow 19-234] Refreshing IP repositories
INFO: [IP_Flow 19-1704] No user IP repositories specified
INFO: [IP_Flow 19-2313] Loaded Vivado IP repository 'C:/Xilinx/Vivado/2013.4/data/ip'.
open_project: Time (s): cpu = 00:00:17 ; elapsed = 00:00:08 . Memory (MB): peak = 933.934 ; gain = 95.164
open_bd_design {U:/public/LAB_4_FILES_Ge/project_1/project_1.srcs/sources_1/bd/system/system.bd}
Adding component instance block -- xilinx.com:ip:processing_system7:5.3 - processing_system7_0
Successfully read diagram <system> from BD file <U:/public/LAB_4_FILES_Ge/project_1/project_1.srcs/sources_1/bd/system/system.bd>
reset_run synth_1
launch_runs synth_1
[Tue Mar 11 10:39:30 2014] Launched synth_1...
Run output will be captured here: U:/public/LAB_4_FILES_Ge/project_1/project_1.runs/synth_1/runme.log
regenerate_bd_layout
INFO: [Common 17-41] Interrupt caught. Command should exit soon.
INFO: [Common 17-344] 'set_property' was cancelled
INFO: [Common 17-344] 'set_property' was cancelled
ERROR: [IP_Flow 19-2994] Tcl error in init_params procedure. 
exit
INFO: [Common 17-206] Exiting Vivado at Tue Mar 11 13:00:20 2014...
