#-----------------------------------------------------------
# Vivado v2013.4 (64-bit)
# SW Build 353583 on Mon Dec  9 17:49:19 MST 2013
# IP Build 208076 on Mon Dec  2 12:38:17 MST 2013
# Start of session at: Wed Feb 26 14:03:06 2014
# Process ID: 2132
# Log file: H:/Users/ygg001/Desktop/LAB_4_FILES_Ge/project_1/vivado.log
# Journal file: H:/Users/ygg001/Desktop/LAB_4_FILES_Ge/project_1\vivado.jou
#-----------------------------------------------------------
Attempting to get a license: Implementation
Feature available: Implementation
Loading parts and site information from C:/Xilinx/Vivado/2013.4/data/parts/arch.xml
Parsing RTL primitives file [C:/Xilinx/Vivado/2013.4/data/parts/xilinx/rtl/prims/rtl_prims.xml]
Finished parsing RTL primitives file [C:/Xilinx/Vivado/2013.4/data/parts/xilinx/rtl/prims/rtl_prims.xml]
start_gui
open_project {H:\Users\ygg001\Desktop\LAB_4_FILES_Ge\project_1\project_1.xpr}
INFO: [Project 1-313] Project file moved from 'U:/private/ELEC444/LAB_4_FILES/project_1' since last save.
Scanning sources...
Finished scanning sources
INFO: [IP_Flow 19-234] Refreshing IP repositories
INFO: [IP_Flow 19-1704] No user IP repositories specified
INFO: [IP_Flow 19-2313] Loaded Vivado IP repository 'C:/Xilinx/Vivado/2013.4/data/ip'.
open_project: Time (s): cpu = 00:00:17 ; elapsed = 00:00:16 . Memory (MB): peak = 912.887 ; gain = 102.645
exit
INFO: [Common 17-206] Exiting Vivado at Wed Feb 26 14:03:42 2014...
mmon 17-344] 'open_project' was cancelled
INFO: [Common 17-344] 'rdi::open_ppr_or_dcp' was cancelled
open_bd_design {H:/Users/ygg001/Desktop/LAB_4_FILES_Ge/project_1/project_1.srcs/sources_1/bd/system/system.bd}
Adding component instance block -- xilinx.com:ip:processing_system7:5.3 - processing_system7_0
Successfully read diagram <system> from BD file <H:/Users/ygg001/Desktop/LAB_4_FILES_Ge/project_1/project_1.srcs/sources_1/bd/system/system.bd>
open_bd_design: Time (s): cpu = 00:00:08 ; elapsed = 00:00:13 . Memory (MB): peak = 964.199 ; gain = 45.625
export_hardware [get_files H:/Users/ygg001/Desktop/LAB_4_FILES_Ge/project_1/project_1.srcs/sources_1/bd/system/system.bd]
Exporting to file H:/Users/ygg001/Desktop/LAB_4_FILES_Ge/project_1/project_1.sdk/SDK/SDK_Export/hw/system.xml
export_hardware: Time (s): cpu = 00:00:11 ; elapsed = 00:00:13 . Memory (MB): peak = 996.508 ; gain = 11.809
launch_sdk -workspace H:/Users/ygg001/Desktop/LAB_4_FILES_Ge/project_1/project_1.sdk/SDK/SDK_Export -hwspec H:/Users/ygg001/Desktop/LAB_4_FILES_Ge/project_1/project_1.sdk/SDK/SDK_Export/hw/system.xml
INFO: [Vivado 12-393] Launching SDK...
INFO: [Vivado 12-417] Running xsdk -workspace H:/Users/ygg001/Desktop/LAB_4_FILES_Ge/project_1/project_1.sdk/SDK/SDK_Export -hwspec H:/Users/ygg001/Desktop/LAB_4_FILES_Ge/project_1/project_1.sdk/SDK/SDK_Export/hw/system.xml
INFO: [Vivado 12-3157] SDK launch initiated. Please check console for any further messages.
export_hardware [get_files H:/Users/ygg001/Desktop/LAB_4_FILES_Ge/project_1/project_1.srcs/sources_1/bd/system/system.bd]
Exporting to file H:/Users/ygg001/Desktop/LAB_4_FILES_Ge/project_1/project_1.sdk/SDK/SDK_Export/hw/system.xml
export_hardware: Time (s): cpu = 00:00:10 ; elapsed = 00:00:10 . Memory (MB): peak = 1005.777 ; gain = 9.270
launch_sdk -workspace H:/Users/ygg001/Desktop/LAB_4_FILES_Ge/project_1/project_1.sdk/SDK/SDK_Export -hwspec H:/Users/ygg001/Desktop/LAB_4_FILES_Ge/project_1/project_1.sdk/SDK/SDK_Export/hw/system.xml
INFO: [Vivado 12-393] Launching SDK...
INFO: [Vivado 12-417] Running xsdk -workspace H:/Users/ygg001/Desktop/LAB_4_FILES_Ge/project_1/project_1.sdk/SDK/SDK_Export -hwspec H:/Users/ygg001/Desktop/LAB_4_FILES_Ge/project_1/project_1.sdk/SDK/SDK_Export/hw/system.xml
INFO: [Vivado 12-3157] SDK launch initiated. Please check console for any further messages.
exit
INFO: [Common 17-206] Exiting Vivado at Wed Feb 26 15:57:43 2014...
