#-----------------------------------------------------------
# Vivado v2013.4 (64-bit)
# SW Build 353583 on Mon Dec  9 17:49:19 MST 2013
# IP Build 208076 on Mon Dec  2 12:38:17 MST 2013
# Start of session at: Tue Feb 25 23:25:28 2014
# Process ID: 5264
# Log file: H:/Users/ygg001/Desktop/LAB_4_FILES_Ge/project_1/vivado.log
# Journal file: H:/Users/ygg001/Desktop/LAB_4_FILES_Ge/project_1\vivado.jou
#-----------------------------------------------------------
Attempting to get a license: Implementation
Feature available: Implementation
Loading parts and site information from C:/Xilinx/Vivado/2013.4/data/parts/arch.xml
Parsing RTL primitives file [C:/Xilinx/Vivado/2013.4/data/parts/xilinx/rtl/prims/rtl_prims.xml]
Finished parsing RTL primitives file [C:/Xilinx/Vivado/2013.4/data/parts/xilinx/rtl/prims/rtl_prims.xml]
start_gui
open_project {H:\Users\ygg001\Desktop\LAB_4_FILES_Ge\project_1\project_1.xpr}
INFO: [Project 1-313] Project file moved from 'U:/private/ELEC444/LAB_4_FILES/project_1' since last save.
Scanning sources...
Finished scanning sources
INFO: [IP_Flow 19-234] Refreshing IP repositories
INFO: [IP_Flow 19-1704] No user IP repositories specified
INFO: [IP_Flow 19-2313] Loaded Vivado IP repository 'C:/Xilinx/Vivado/2013.4/data/ip'.
open_project: Time (s): cpu = 00:00:16 ; elapsed = 00:00:11 . Memory (MB): peak = 909.453 ; gain = 96.234
open_bd_design {H:/Users/ygg001/Desktop/LAB_4_FILES_Ge/project_1/project_1.srcs/sources_1/bd/system/system.bd}
Adding component instance block -- xilinx.com:ip:processing_system7:5.3 - processing_system7_0
Successfully read diagram <system> from BD file <H:/Users/ygg001/Desktop/LAB_4_FILES_Ge/project_1/project_1.srcs/sources_1/bd/system/system.bd>
open_bd_design: Time (s): cpu = 00:00:08 ; elapsed = 00:00:09 . Memory (MB): peak = 967.844 ; gain = 42.773
export_hardware [get_files H:/Users/ygg001/Desktop/LAB_4_FILES_Ge/project_1/project_1.srcs/sources_1/bd/system/system.bd]
Exporting to file H:/Users/ygg001/Desktop/LAB_4_FILES_Ge/project_1/project_1.sdk/SDK/SDK_Export/hw/system.xml
export_hardware: Time (s): cpu = 00:00:11 ; elapsed = 00:00:12 . Memory (MB): peak = 993.828 ; gain = 16.715
launch_sdk -workspace H:/Users/ygg001/Desktop/LAB_4_FILES_Ge/project_1/project_1.sdk/SDK/SDK_Export -hwspec H:/Users/ygg001/Desktop/LAB_4_FILES_Ge/project_1/project_1.sdk/SDK/SDK_Export/hw/system.xml
INFO: [Vivado 12-393] Launching SDK...
INFO: [Vivado 12-417] Running xsdk -workspace H:/Users/ygg001/Desktop/LAB_4_FILES_Ge/project_1/project_1.sdk/SDK/SDK_Export -hwspec H:/Users/ygg001/Desktop/LAB_4_FILES_Ge/project_1/project_1.sdk/SDK/SDK_Export/hw/system.xml
INFO: [Vivado 12-3157] SDK launch initiated. Please check console for any further messages.
startgroup
set_property -dict [list CONFIG.preset {ZedBoard}] [get_bd_cells processing_system7_0]
INFO: [Common 17-365] Interrupt caught but 'set_property' cannot be canceled. Please wait for command to finish.
INFO: [Common 17-681] Processing pending cancel.
set_property -dict [list CONFIG.PCW_ENET0_PERIPHERAL_ENABLE {0} CONFIG.PCW_SD0_PERIPHERAL_ENABLE {0} CONFIG.PCW_USB0_PERIPHERAL_ENABLE {0}] [get_bd_cells processing_system7_0]
endgroup
startgroup
set_property -dict [list CONFIG.PCW_USE_M_AXI_GP0 {0} CONFIG.PCW_EN_CLK0_PORT {0} CONFIG.PCW_EN_RST0_PORT {0} CONFIG.PCW_UIPARAM_DDR_ENABLE {0} CONFIG.PCW_QSPI_PERIPHERAL_ENABLE {0} CONFIG.PCW_TTC0_PERIPHERAL_ENABLE {0}] [get_bd_cells processing_system7_0]
endgroup
save_bd_design
Wrote  : <H:/Users/ygg001/Desktop/LAB_4_FILES_Ge/project_1/project_1.srcs/sources_1/bd/system/system.bd> 
reset_run synth_1
launch_runs impl_1
Verilog Output written to : system.v
Verilog Output written to : system_wrapper.v
Wrote  : <H:/Users/ygg001/Desktop/LAB_4_FILES_Ge/project_1/project_1.srcs/sources_1/bd/system/system.bd> 
INFO: [IP_Flow 19-1686] Generating 'Synthesis' target for IP 'system_processing_system7_0_0'...
INFO: [BD 41-1029] Generation completed for the IP Integrator block /processing_system7_0 .
INFO: [BD 41-539] Not generating up to date 'Implementation' target for block design system
INFO: [BD 41-1029] Generation completed for the IP Integrator block /processing_system7_0 .
[Wed Feb 26 00:17:21 2014] Launched synth_1...
Run output will be captured here: H:/Users/ygg001/Desktop/LAB_4_FILES_Ge/project_1/project_1.runs/synth_1/runme.log
[Wed Feb 26 00:17:21 2014] Launched impl_1...
Run output will be captured here: H:/Users/ygg001/Desktop/LAB_4_FILES_Ge/project_1/project_1.runs/impl_1/runme.log
launch_runs: Time (s): cpu = 00:00:15 ; elapsed = 00:00:14 . Memory (MB): peak = 1404.715 ; gain = 12.238
export_hardware [get_files H:/Users/ygg001/Desktop/LAB_4_FILES_Ge/project_1/project_1.srcs/sources_1/bd/system/system.bd]
Exporting to file H:/Users/ygg001/Desktop/LAB_4_FILES_Ge/project_1/project_1.sdk/SDK/SDK_Export/hw/system.xml
export_hardware: Time (s): cpu = 00:00:12 ; elapsed = 00:00:12 . Memory (MB): peak = 1437.320 ; gain = 23.984
launch_sdk -workspace H:/Users/ygg001/Desktop/LAB_4_FILES_Ge/project_1/project_1.sdk/SDK/SDK_Export -hwspec H:/Users/ygg001/Desktop/LAB_4_FILES_Ge/project_1/project_1.sdk/SDK/SDK_Export/hw/system.xml
INFO: [Vivado 12-393] Launching SDK...
INFO: [Vivado 12-417] Running xsdk -workspace H:/Users/ygg001/Desktop/LAB_4_FILES_Ge/project_1/project_1.sdk/SDK/SDK_Export -hwspec H:/Users/ygg001/Desktop/LAB_4_FILES_Ge/project_1/project_1.sdk/SDK/SDK_Export/hw/system.xml
INFO: [Vivado 12-3157] SDK launch initiated. Please check console for any further messages.
export_hardware [get_files H:/Users/ygg001/Desktop/LAB_4_FILES_Ge/project_1/project_1.srcs/sources_1/bd/system/system.bd]
Exporting to file H:/Users/ygg001/Desktop/LAB_4_FILES_Ge/project_1/project_1.sdk/SDK/SDK_Export/hw/system.xml
export_hardware: Time (s): cpu = 00:00:14 ; elapsed = 00:00:13 . Memory (MB): peak = 1439.727 ; gain = 2.406
launch_sdk -workspace H:/Users/ygg001/Desktop/LAB_4_FILES_Ge/project_1/project_1.sdk/SDK/SDK_Export -hwspec H:/Users/ygg001/Desktop/LAB_4_FILES_Ge/project_1/project_1.sdk/SDK/SDK_Export/hw/system.xml
INFO: [Vivado 12-393] Launching SDK...
INFO: [Vivado 12-417] Running xsdk -workspace H:/Users/ygg001/Desktop/LAB_4_FILES_Ge/project_1/project_1.sdk/SDK/SDK_Export -hwspec H:/Users/ygg001/Desktop/LAB_4_FILES_Ge/project_1/project_1.sdk/SDK/SDK_Export/hw/system.xml
INFO: [Vivado 12-3157] SDK launch initiated. Please check console for any further messages.
export_hardware [get_files H:/Users/ygg001/Desktop/LAB_4_FILES_Ge/project_1/project_1.srcs/sources_1/bd/system/system.bd]
Exporting to file H:/Users/ygg001/Desktop/LAB_4_FILES_Ge/project_1/project_1.sdk/SDK/SDK_Export/hw/system.xml
export_hardware: Time (s): cpu = 00:00:20 ; elapsed = 00:00:19 . Memory (MB): peak = 1439.727 ; gain = 0.000
launch_sdk -workspace H:/Users/ygg001/Desktop/LAB_4_FILES_Ge/project_1/project_1.sdk/SDK/SDK_Export -hwspec H:/Users/ygg001/Desktop/LAB_4_FILES_Ge/project_1/project_1.sdk/SDK/SDK_Export/hw/system.xml
INFO: [Vivado 12-393] Launching SDK...
INFO: [Vivado 12-417] Running xsdk -workspace H:/Users/ygg001/Desktop/LAB_4_FILES_Ge/project_1/project_1.sdk/SDK/SDK_Export -hwspec H:/Users/ygg001/Desktop/LAB_4_FILES_Ge/project_1/project_1.sdk/SDK/SDK_Export/hw/system.xml
INFO: [Vivado 12-3157] SDK launch initiated. Please check console for any further messages.
exit
INFO: [Common 17-206] Exiting Vivado at Wed Feb 26 03:01:43 2014...
