#-----------------------------------------------------------
# Vivado v2013.4 (64-bit)
# SW Build 353583 on Mon Dec  9 17:49:19 MST 2013
# IP Build 208076 on Mon Dec  2 12:38:17 MST 2013
# Start of session at: Mon Feb 24 23:19:47 2014
# Process ID: 3996
# Log file: H:/Users/ygg001/Desktop/LAB_4_FILES_Ge/project_1/vivado.log
# Journal file: H:/Users/ygg001/Desktop/LAB_4_FILES_Ge/project_1\vivado.jou
#-----------------------------------------------------------
Attempting to get a license: Implementation
Feature available: Implementation
Loading parts and site information from C:/Xilinx/Vivado/2013.4/data/parts/arch.xml
Parsing RTL primitives file [C:/Xilinx/Vivado/2013.4/data/parts/xilinx/rtl/prims/rtl_prims.xml]
Finished parsing RTL primitives file [C:/Xilinx/Vivado/2013.4/data/parts/xilinx/rtl/prims/rtl_prims.xml]
start_gui
open_project {H:\Users\ygg001\Desktop\LAB_4_FILES_Ge\project_1\project_1.xpr}
INFO: [Project 1-313] Project file moved from 'U:/private/ELEC444/LAB_4_FILES/project_1' since last save.
Scanning sources...
Finished scanning sources
INFO: [IP_Flow 19-234] Refreshing IP repositories
INFO: [IP_Flow 19-1704] No user IP repositories specified
INFO: [IP_Flow 19-2313] Loaded Vivado IP repository 'C:/Xilinx/Vivado/2013.4/data/ip'.
open_project: Time (s): cpu = 00:00:15 ; elapsed = 00:00:06 . Memory (MB): peak = 922.707 ; gain = 105.125
export_hardware [get_files H:/Users/ygg001/Desktop/LAB_4_FILES_Ge/project_1/project_1.srcs/sources_1/bd/system/system.bd]
ERROR: [BD 41-435] Failed to run "export_hardware" for "system". This diagram is not currently open. "export_hardware" works only for active block diagrams.
ERROR: [Common 17-39] 'export_hardware' failed due to earlier errors.
export_hardware [get_files H:/Users/ygg001/Desktop/LAB_4_FILES_Ge/project_1/project_1.srcs/sources_1/bd/system/system.bd]
ERROR: [BD 41-435] Failed to run "export_hardware" for "system". This diagram is not currently open. "export_hardware" works only for active block diagrams.
ERROR: [Common 17-39] 'export_hardware' failed due to earlier errors.
open_bd_design {H:/Users/ygg001/Desktop/LAB_4_FILES_Ge/project_1/project_1.srcs/sources_1/bd/system/system.bd}
Adding component instance block -- xilinx.com:ip:processing_system7:5.3 - processing_system7_0
Successfully read diagram <system> from BD file <H:/Users/ygg001/Desktop/LAB_4_FILES_Ge/project_1/project_1.srcs/sources_1/bd/system/system.bd>
open_bd_design: Time (s): cpu = 00:00:08 ; elapsed = 00:00:05 . Memory (MB): peak = 994.410 ; gain = 63.344
export_hardware [get_files H:/Users/ygg001/Desktop/LAB_4_FILES_Ge/project_1/project_1.srcs/sources_1/bd/system/system.bd]
Exporting to file H:/Users/ygg001/Desktop/LAB_4_FILES_Ge/project_1/project_1.sdk/SDK/SDK_Export/hw/system.xml
export_hardware: Time (s): cpu = 00:00:11 ; elapsed = 00:00:11 . Memory (MB): peak = 1004.184 ; gain = 9.773
launch_sdk -workspace H:/Users/ygg001/Desktop/LAB_4_FILES_Ge/project_1/project_1.sdk/SDK/SDK_Export -hwspec H:/Users/ygg001/Desktop/LAB_4_FILES_Ge/project_1/project_1.sdk/SDK/SDK_Export/hw/system.xml
INFO: [Vivado 12-393] Launching SDK...
INFO: [Vivado 12-417] Running xsdk -workspace H:/Users/ygg001/Desktop/LAB_4_FILES_Ge/project_1/project_1.sdk/SDK/SDK_Export -hwspec H:/Users/ygg001/Desktop/LAB_4_FILES_Ge/project_1/project_1.sdk/SDK/SDK_Export/hw/system.xml
INFO: [Vivado 12-3157] SDK launch initiated. Please check console for any further messages.
exit
INFO: [Common 17-206] Exiting Vivado at Tue Feb 25 00:48:21 2014...
