Copyright 1986-1999, 2001-2013 Xilinx, Inc. All Rights Reserved.
-----------------------------------------------------------------------------------------------------------------------------------
| Tool Version : Vivado v.2013.4 (win64) Build 353583 Mon Dec  9 17:49:19 MST 2013
| Date         : Thu Feb 13 10:57:04 2014
| Host         : DANA307-07 running 64-bit Service Pack 1  (build 7601)
| Command      : report_utilization -file keypadCalculatorOled_utilization_synth.rpt -pb keypadCalculatorOled_utilization_synth.pb
| Design       : keypadCalculatorOled
| Device       : xc7z020
| Design State : Synthesized
-----------------------------------------------------------------------------------------------------------------------------------

Utilization Design Information

Table of Contents
-----------------
1. Slice Logic
2. Memory
3. DSP
4. IO and GTX Specific
5. Clocking
6. Specific Feature
7. Primitives
8. Black Boxes
9. Instantiated Netlists

1. Slice Logic
--------------

+-------------------------+------+-------+-----------+-------+
|        Site Type        | Used | Loced | Available | Util% |
+-------------------------+------+-------+-----------+-------+
| Slice LUTs*             | 2266 |     0 |     53200 |  4.25 |
|   LUT as Logic          | 2266 |     0 |     53200 |  4.25 |
|   LUT as Memory         |    0 |     0 |     17400 |  0.00 |
| Slice Registers         |  628 |     0 |    106400 |  0.59 |
|   Register as Flip Flop |  628 |     0 |    106400 |  0.59 |
|   Register as Latch     |    0 |     0 |    106400 |  0.00 |
| F7 Muxes                |   34 |     0 |     26600 |  0.12 |
| F8 Muxes                |    3 |     0 |     13300 |  0.02 |
+-------------------------+------+-------+-----------+-------+
* Warning! The Final LUT count, after physical optimizations and full implementation, is typically lower. Run opt_design after synthesis for a more realistic count.


2. Memory
---------

+----------------+------+-------+-----------+-------+
|    Site Type   | Used | Loced | Available | Util% |
+----------------+------+-------+-----------+-------+
| Block RAM Tile |    0 |     0 |       140 |  0.00 |
|   RAMB36/FIFO* |    0 |     0 |       140 |  0.00 |
|   RAMB18       |    0 |     0 |       280 |  0.00 |
+----------------+------+-------+-----------+-------+
* Note: Each Block RAM Tile only has one FIFO logic available and therefore can accommodate only one FIFO36E1 or one FIFO18E1. However, if a FIFO18E1 occupies a Block RAM Tile, that tile can still accommodate a RAMB18E1


3. DSP
------

+-----------+------+-------+-----------+-------+
| Site Type | Used | Loced | Available | Util% |
+-----------+------+-------+-----------+-------+
| DSPs      |    0 |     0 |       220 |  0.00 |
+-----------+------+-------+-----------+-------+


4. IO and GTX Specific
----------------------

+-----------------------------+------+-------+-----------+-------+
|          Site Type          | Used | Loced | Available | Util% |
+-----------------------------+------+-------+-----------+-------+
| Bonded IOB                  |   18 |     0 |       200 |  9.00 |
| Bonded IPADs                |    0 |     0 |         2 |  0.00 |
| Bonded IOPADs               |    0 |     0 |       130 |  0.00 |
| IBUFGDS                     |    0 |     0 |       192 |  0.00 |
| IDELAYCTRL                  |    0 |     0 |         4 |  0.00 |
| IN_FIFO                     |    0 |     0 |        16 |  0.00 |
| OUT_FIFO                    |    0 |     0 |        16 |  0.00 |
| PHASER_REF                  |    0 |     0 |         4 |  0.00 |
| PHY_CONTROL                 |    0 |     0 |         4 |  0.00 |
| PHASER_OUT/PHASER_OUT_PHY   |    0 |     0 |        16 |  0.00 |
| PHASER_IN/PHASER_IN_PHY     |    0 |     0 |        16 |  0.00 |
| IDELAYE2/IDELAYE2_FINEDELAY |    0 |     0 |       200 |  0.00 |
| ODELAYE2/ODELAYE2_FINEDELAY |    0 |     0 |         0 |  0.00 |
| IBUFDS_GTE2                 |    0 |     0 |         0 |  0.00 |
| ILOGIC                      |    0 |     0 |       200 |  0.00 |
| OLOGIC                      |    0 |     0 |       200 |  0.00 |
+-----------------------------+------+-------+-----------+-------+


5. Clocking
-----------

+------------+------+-------+-----------+-------+
|  Site Type | Used | Loced | Available | Util% |
+------------+------+-------+-----------+-------+
| BUFGCTRL   |    1 |     0 |        32 |  3.12 |
| BUFIO      |    0 |     0 |        16 |  0.00 |
| MMCME2_ADV |    0 |     0 |         4 |  0.00 |
| PLLE2_ADV  |    0 |     0 |         4 |  0.00 |
| BUFMRCE    |    0 |     0 |         8 |  0.00 |
| BUFHCE     |    0 |     0 |        72 |  0.00 |
| BUFR       |    0 |     0 |        16 |  0.00 |
+------------+------+-------+-----------+-------+


6. Specific Feature
-------------------

+-------------+------+-------+-----------+-------+
|  Site Type  | Used | Loced | Available | Util% |
+-------------+------+-------+-----------+-------+
| BSCANE2     |    0 |     0 |         4 |  0.00 |
| CAPTUREE2   |    0 |     0 |         1 |  0.00 |
| DNA_PORT    |    0 |     0 |         1 |  0.00 |
| EFUSE_USR   |    0 |     0 |         1 |  0.00 |
| FRAME_ECCE2 |    0 |     0 |         1 |  0.00 |
| ICAPE2      |    0 |     0 |         2 |  0.00 |
| STARTUPE2   |    0 |     0 |         1 |  0.00 |
| XADC        |    0 |     0 |         1 |  0.00 |
+-------------+------+-------+-----------+-------+


7. Primitives
-------------

+----------+------+
| Ref Name | Used |
+----------+------+
| LUT6     | 1421 |
| FDRE     |  570 |
| LUT5     |  379 |
| LUT2     |  345 |
| LUT3     |  231 |
| LUT4     |  218 |
| LUT1     |  119 |
| CARRY4   |   47 |
| MUXF7    |   34 |
| FDCE     |   33 |
| FDSE     |   23 |
| OBUF     |   13 |
| IBUF     |    5 |
| MUXF8    |    3 |
| FDPE     |    2 |
| BUFG     |    1 |
+----------+------+


8. Black Boxes
--------------

+-----------------+------+
|     Ref Name    | Used |
+-----------------+------+
| CHAR_LIB_COMP_N |    1 |
+-----------------+------+


9. Instantiated Netlists
------------------------

+----------+------+
| Ref Name | Used |
+----------+------+


