
*** Running vivado
    with args -log lab1NumberGuess.rds -m64 -mode batch -messageDb vivado.pb -source lab1NumberGuess.tcl


****** Vivado v2013.4 (64-bit)
  **** SW Build 353583 on Mon Dec  9 17:49:19 MST 2013
  **** IP Build 208076 on Mon Dec  2 12:38:17 MST 2013
    ** Copyright 1986-1999, 2001-2013 Xilinx, Inc. All Rights Reserved.

Attempting to get a license: Implementation
Feature available: Implementation
Loading parts and site information from C:/Xilinx/Vivado/2013.4/data/parts/arch.xml
Parsing RTL primitives file [C:/Xilinx/Vivado/2013.4/data/parts/xilinx/rtl/prims/rtl_prims.xml]
Finished parsing RTL primitives file [C:/Xilinx/Vivado/2013.4/data/parts/xilinx/rtl/prims/rtl_prims.xml]
source lab1NumberGuess.tcl
# set_param gui.test TreeTableDev
# set_msg_config -id {HDL 9-1061} -limit 100000
# set_msg_config -id {HDL 9-1654} -limit 100000
# set_msg_config -id {Labtools 27-147} -limit 4294967295
# create_project -in_memory -part xc7z020clg484-1
# set_property target_language Verilog [current_project]
# set_property board em.avnet.com:zynq:zed:d [current_project]
# set_param project.compositeFile.enableAutoGeneration 0
# read_verilog {
#   H:/Users/ygg001.BUCKNELL/Desktop/elec444_lab1/elec444_lab1.srcs/sources_1/new/slowclock.v
#   H:/Users/ygg001.BUCKNELL/Desktop/elec444_lab1/elec444_lab1.srcs/sources_1/new/sevenSegCtrl.v
#   H:/Users/ygg001.BUCKNELL/Desktop/elec444_lab1/elec444_lab1.srcs/sources_1/new/guessCounter.v
#   H:/Users/ygg001.BUCKNELL/Desktop/elec444_lab1/elec444_lab1.srcs/sources_1/new/bouncer.v
#   H:/Users/ygg001.BUCKNELL/Desktop/elec444_lab1/elec444_lab1.srcs/sources_1/new/bin2bcd.v
#   H:/Users/ygg001.BUCKNELL/Desktop/elec444_lab1/elec444_lab1.srcs/sources_1/imports/elec444lab1fsm.v
#   H:/Users/ygg001.BUCKNELL/Desktop/elec444_lab1/elec444_lab1.srcs/sources_1/imports/ELEC240Lab3/SevenSegmentDecoder.v
#   H:/Users/ygg001.BUCKNELL/Desktop/elec444_lab1/elec444_lab1.srcs/sources_1/new/lab1NumberGuess.v
# }
# read_xdc H:/Users/ygg001.BUCKNELL/Desktop/elec444_lab1/elec444_lab1.srcs/constrs_1/new/numberGuess.xdc
# set_property used_in_implementation false [get_files H:/Users/ygg001.BUCKNELL/Desktop/elec444_lab1/elec444_lab1.srcs/constrs_1/new/numberGuess.xdc]
# set_param synth.vivado.isSynthRun true
# set_property webtalk.parent_dir H:/Users/ygg001.BUCKNELL/Desktop/elec444_lab1/elec444_lab1.data/wt [current_project]
# set_property parent.project_dir H:/Users/ygg001.BUCKNELL/Desktop/elec444_lab1 [current_project]
# synth_design -top lab1NumberGuess -part xc7z020clg484-1
Command: synth_design -top lab1NumberGuess -part xc7z020clg484-1

Starting synthesis...

Attempting to get a license for feature 'Synthesis' and/or device 'xc7z020'
INFO: [Common 17-349] Got license for feature 'Synthesis' and/or device 'xc7z020'
---------------------------------------------------------------------------------
Starting RTL Elaboration : Time (s): cpu = 00:00:04 ; elapsed = 00:00:04 . Memory (MB): peak = 233.996 ; gain = 86.426
---------------------------------------------------------------------------------
INFO: [Synth 8-638] synthesizing module 'lab1NumberGuess' [H:/Users/ygg001.BUCKNELL/Desktop/elec444_lab1/elec444_lab1.srcs/sources_1/new/lab1NumberGuess.v:23]
INFO: [Synth 8-638] synthesizing module 'slowclock' [H:/Users/ygg001.BUCKNELL/Desktop/elec444_lab1/elec444_lab1.srcs/sources_1/new/slowclock.v:27]
INFO: [Synth 8-256] done synthesizing module 'slowclock' (1#1) [H:/Users/ygg001.BUCKNELL/Desktop/elec444_lab1/elec444_lab1.srcs/sources_1/new/slowclock.v:27]
INFO: [Synth 8-638] synthesizing module 'debouncer' [H:/Users/ygg001.BUCKNELL/Desktop/elec444_lab1/elec444_lab1.srcs/sources_1/new/bouncer.v:29]
	Parameter firstLow bound to: 2'b00 
	Parameter secondLow bound to: 2'b01 
	Parameter firstHigh bound to: 2'b10 
	Parameter secondHigh bound to: 2'b11 
INFO: [Synth 8-226] default block is never used [H:/Users/ygg001.BUCKNELL/Desktop/elec444_lab1/elec444_lab1.srcs/sources_1/new/bouncer.v:52]
INFO: [Synth 8-226] default block is never used [H:/Users/ygg001.BUCKNELL/Desktop/elec444_lab1/elec444_lab1.srcs/sources_1/new/bouncer.v:81]
INFO: [Synth 8-256] done synthesizing module 'debouncer' (2#1) [H:/Users/ygg001.BUCKNELL/Desktop/elec444_lab1/elec444_lab1.srcs/sources_1/new/bouncer.v:29]
INFO: [Synth 8-638] synthesizing module 'lab1fsm' [H:/Users/ygg001.BUCKNELL/Desktop/elec444_lab1/elec444_lab1.srcs/sources_1/imports/elec444lab1fsm.v:3]
	Parameter p1Choice bound to: 3'b000 
	Parameter p2Guess bound to: 3'b001 
	Parameter guessHigh bound to: 3'b010 
	Parameter guessLow bound to: 3'b011 
	Parameter guessEqual bound to: 3'b100 
INFO: [Synth 8-256] done synthesizing module 'lab1fsm' (3#1) [H:/Users/ygg001.BUCKNELL/Desktop/elec444_lab1/elec444_lab1.srcs/sources_1/imports/elec444lab1fsm.v:3]
INFO: [Synth 8-638] synthesizing module 'guessCounter' [H:/Users/ygg001.BUCKNELL/Desktop/elec444_lab1/elec444_lab1.srcs/sources_1/new/guessCounter.v:34]
INFO: [Synth 8-256] done synthesizing module 'guessCounter' (4#1) [H:/Users/ygg001.BUCKNELL/Desktop/elec444_lab1/elec444_lab1.srcs/sources_1/new/guessCounter.v:34]
INFO: [Synth 8-638] synthesizing module 'bin2bcd' [H:/Users/ygg001.BUCKNELL/Desktop/elec444_lab1/elec444_lab1.srcs/sources_1/new/bin2bcd.v:73]
INFO: [Synth 8-638] synthesizing module 'add3' [H:/Users/ygg001.BUCKNELL/Desktop/elec444_lab1/elec444_lab1.srcs/sources_1/new/bin2bcd.v:40]
INFO: [Synth 8-256] done synthesizing module 'add3' (5#1) [H:/Users/ygg001.BUCKNELL/Desktop/elec444_lab1/elec444_lab1.srcs/sources_1/new/bin2bcd.v:40]
INFO: [Synth 8-256] done synthesizing module 'bin2bcd' (6#1) [H:/Users/ygg001.BUCKNELL/Desktop/elec444_lab1/elec444_lab1.srcs/sources_1/new/bin2bcd.v:73]
INFO: [Synth 8-638] synthesizing module 'SevenSegmenDecoder' [H:/Users/ygg001.BUCKNELL/Desktop/elec444_lab1/elec444_lab1.srcs/sources_1/imports/ELEC240Lab3/SevenSegmentDecoder.v:21]
INFO: [Synth 8-256] done synthesizing module 'SevenSegmenDecoder' (7#1) [H:/Users/ygg001.BUCKNELL/Desktop/elec444_lab1/elec444_lab1.srcs/sources_1/imports/ELEC240Lab3/SevenSegmentDecoder.v:21]
INFO: [Synth 8-638] synthesizing module 'sevenSegCtrl' [H:/Users/ygg001.BUCKNELL/Desktop/elec444_lab1/elec444_lab1.srcs/sources_1/new/sevenSegCtrl.v:23]
INFO: [Synth 8-256] done synthesizing module 'sevenSegCtrl' (8#1) [H:/Users/ygg001.BUCKNELL/Desktop/elec444_lab1/elec444_lab1.srcs/sources_1/new/sevenSegCtrl.v:23]
INFO: [Synth 8-256] done synthesizing module 'lab1NumberGuess' (9#1) [H:/Users/ygg001.BUCKNELL/Desktop/elec444_lab1/elec444_lab1.srcs/sources_1/new/lab1NumberGuess.v:23]
---------------------------------------------------------------------------------
Finished RTL Elaboration : Time (s): cpu = 00:00:05 ; elapsed = 00:00:05 . Memory (MB): peak = 267.242 ; gain = 119.672
---------------------------------------------------------------------------------

---------------------------------------------------------------------------------
Start RTL Optimization
---------------------------------------------------------------------------------

Report Check Netlist: 
+------+------------------+-------+---------+-------+------------------+
|      |Item              |Errors |Warnings |Status |Description       |
+------+------------------+-------+---------+-------+------------------+
|1     |multi_driven_nets |      0|        0|Passed |Multi driven nets |
+------+------------------+-------+---------+-------+------------------+
Loading clock regions from C:/Xilinx/Vivado/2013.4/data\parts/xilinx/zynq/zynq/xc7z020/ClockRegion.xml
Loading clock buffers from C:/Xilinx/Vivado/2013.4/data\parts/xilinx/zynq/zynq/xc7z020/ClockBuffers.xml
Loading clock placement rules from C:/Xilinx/Vivado/2013.4/data/parts/xilinx/zynq/ClockPlacerRules.xml
Loading package pin functions from C:/Xilinx/Vivado/2013.4/data\parts/xilinx/zynq/PinFunctions.xml...
Loading package from C:/Xilinx/Vivado/2013.4/data\parts/xilinx/zynq/zynq/xc7z020/clg484/Package.xml
Loading io standards from C:/Xilinx/Vivado/2013.4/data\./parts/xilinx/zynq/IOStandards.xml

Processing XDC Constraints
Parsing XDC File [H:/Users/ygg001.BUCKNELL/Desktop/elec444_lab1/elec444_lab1.srcs/constrs_1/new/numberGuess.xdc]
Finished Parsing XDC File [H:/Users/ygg001.BUCKNELL/Desktop/elec444_lab1/elec444_lab1.srcs/constrs_1/new/numberGuess.xdc]
INFO: [Project 1-236] Implementation specific constraints were found while reading constraint file [H:/Users/ygg001.BUCKNELL/Desktop/elec444_lab1/elec444_lab1.srcs/constrs_1/new/numberGuess.xdc]. These constraints will be ignored for synthesis but will be used in implementation. Impacted constraints are listed in the file [H:/Users/ygg001.BUCKNELL/Desktop/elec444_lab1/elec444_lab1.runs/synth_1/.Xil/lab1NumberGuess_propImpl.xdc].
Resolution: To avoid this message, exclude constraints listed in [H:/Users/ygg001.BUCKNELL/Desktop/elec444_lab1/elec444_lab1.runs/synth_1/.Xil/lab1NumberGuess_propImpl.xdc] from synthesis with the used_in_synthesis property (File Properties dialog in GUI) and re-run elaboration/synthesis.
Completed Processing XDC Constraints

INFO: [Memdata 28-144] Successfully populated the BRAM INIT strings from the following elf files: 
INFO: [Project 1-111] Unisim Transformation Summary:
No Unisim elements were transformed.


---------------------------------------------------------------------------------
Start RTL Optimization
---------------------------------------------------------------------------------

---------------------------------------------------------------------------------
Start Applying 'set_property' XDC Constraints
---------------------------------------------------------------------------------
---------------------------------------------------------------------------------
Finished applying 'set_property' XDC Constraints : Time (s): cpu = 00:00:14 ; elapsed = 00:00:15 . Memory (MB): peak = 480.996 ; gain = 333.426
---------------------------------------------------------------------------------

---------------------------------------------------------------------------------
Finished RTL Optimization : Time (s): cpu = 00:00:14 ; elapsed = 00:00:15 . Memory (MB): peak = 480.996 ; gain = 333.426
---------------------------------------------------------------------------------


Report RTL Partitions: 
+-+--------------+------------+----------+
| |RTL Partition |Replication |Instances |
+-+--------------+------------+----------+
+-+--------------+------------+----------+

---------------------------------------------------------------------------------
Start Loading Part and Timing Information
---------------------------------------------------------------------------------
Loading part: xc7z020clg484-1
Part Resources:
DSPs: 220 (col length:60)
BRAMs: 280 (col length: RAMB18 60 RAMB36 30)
---------------------------------------------------------------------------------
Finished Loading Part and Timing Information : Time (s): cpu = 00:00:24 ; elapsed = 00:00:25 . Memory (MB): peak = 554.922 ; gain = 407.352
---------------------------------------------------------------------------------


---------------------------------------------------------------------------------
Start RTL Component Statistics 
---------------------------------------------------------------------------------
Detailed RTL Component Info : 
+---Adders : 
	   2 Input      6 Bit       Adders := 1     
+---Registers : 
	                7 Bit    Registers := 1     
	                6 Bit    Registers := 2     
	                3 Bit    Registers := 1     
	                2 Bit    Registers := 2     
	                1 Bit    Registers := 1     
+---Muxes : 
	   2 Input      7 Bit        Muxes := 2     
	   3 Input      7 Bit        Muxes := 1     
	   2 Input      3 Bit        Muxes := 2     
	   6 Input      3 Bit        Muxes := 1     
	   3 Input      2 Bit        Muxes := 1     
	   2 Input      2 Bit        Muxes := 2     
	   4 Input      2 Bit        Muxes := 1     
	   6 Input      1 Bit        Muxes := 5     

---------------------------------------------------------------------------------
Finished RTL Component Statistics 
---------------------------------------------------------------------------------

---------------------------------------------------------------------------------
Start RTL Hierarchical Component Statistics 
---------------------------------------------------------------------------------
Hierarchical RTL Component report 
Module lab1NumberGuess 
Detailed RTL Component Info : 
+---Registers : 
	                6 Bit    Registers := 1     
+---Muxes : 
	   2 Input      7 Bit        Muxes := 2     
Module slowclock 
Detailed RTL Component Info : 
Module debouncer 
Detailed RTL Component Info : 
+---Registers : 
	                2 Bit    Registers := 1     
	                1 Bit    Registers := 1     
+---Muxes : 
	   4 Input      2 Bit        Muxes := 1     
	   2 Input      2 Bit        Muxes := 2     
Module lab1fsm 
Detailed RTL Component Info : 
+---Registers : 
	                3 Bit    Registers := 1     
+---Muxes : 
	   6 Input      3 Bit        Muxes := 1     
	   2 Input      3 Bit        Muxes := 2     
	   6 Input      1 Bit        Muxes := 5     
Module guessCounter 
Detailed RTL Component Info : 
+---Adders : 
	   2 Input      6 Bit       Adders := 1     
+---Registers : 
	                6 Bit    Registers := 1     
Module add3 
Detailed RTL Component Info : 
Module bin2bcd 
Detailed RTL Component Info : 
Module SevenSegmenDecoder 
Detailed RTL Component Info : 
Module sevenSegCtrl 
Detailed RTL Component Info : 
+---Registers : 
	                7 Bit    Registers := 1     
	                2 Bit    Registers := 1     
+---Muxes : 
	   3 Input      7 Bit        Muxes := 1     
	   3 Input      2 Bit        Muxes := 1     

---------------------------------------------------------------------------------
Finished RTL Hierarchical Component Statistics
---------------------------------------------------------------------------------

---------------------------------------------------------------------------------
Start Cross Boundary Optimization
---------------------------------------------------------------------------------
---------------------------------------------------------------------------------
Finished Cross Boundary Optimization : Time (s): cpu = 00:00:24 ; elapsed = 00:00:25 . Memory (MB): peak = 565.566 ; gain = 417.996
---------------------------------------------------------------------------------

---------------------------------------------------------------------------------
Start RAM, DSP and Shift Register Reporting
---------------------------------------------------------------------------------
---------------------------------------------------------------------------------
Finished RAM, DSP and Shift Register Reporting
---------------------------------------------------------------------------------

---------------------------------------------------------------------------------
Start Area Optimization
---------------------------------------------------------------------------------
---------------------------------------------------------------------------------
Finished Area Optimization : Time (s): cpu = 00:00:24 ; elapsed = 00:00:26 . Memory (MB): peak = 587.656 ; gain = 440.086
---------------------------------------------------------------------------------


---------------------------------------------------------------------------------
Start Timing Optimization
---------------------------------------------------------------------------------

---------------------------------------------------------------------------------
Start Applying XDC Timing Constraints
---------------------------------------------------------------------------------
---------------------------------------------------------------------------------
Finished Applying XDC Timing Constraints : Time (s): cpu = 00:00:24 ; elapsed = 00:00:26 . Memory (MB): peak = 587.656 ; gain = 440.086
---------------------------------------------------------------------------------

---------------------------------------------------------------------------------
Finished Timing Optimization : Time (s): cpu = 00:00:24 ; elapsed = 00:00:26 . Memory (MB): peak = 587.656 ; gain = 440.086
---------------------------------------------------------------------------------


---------------------------------------------------------------------------------
Start Technology Mapping
---------------------------------------------------------------------------------
---------------------------------------------------------------------------------
Finished Technology Mapping : Time (s): cpu = 00:00:25 ; elapsed = 00:00:26 . Memory (MB): peak = 587.656 ; gain = 440.086
---------------------------------------------------------------------------------


---------------------------------------------------------------------------------
Start IO Insertion
---------------------------------------------------------------------------------

---------------------------------------------------------------------------------
Start Flattening Before IO Insertion
---------------------------------------------------------------------------------

---------------------------------------------------------------------------------
Finished Flattening Before IO Insertion
---------------------------------------------------------------------------------

---------------------------------------------------------------------------------
Start Final Netlist Cleanup
---------------------------------------------------------------------------------

---------------------------------------------------------------------------------
Finished Final Netlist Cleanup
---------------------------------------------------------------------------------
Gated Clock Conversion mode: off
---------------------------------------------------------------------------------
Finished IO Insertion : Time (s): cpu = 00:00:25 ; elapsed = 00:00:26 . Memory (MB): peak = 587.656 ; gain = 440.086
---------------------------------------------------------------------------------


Report Check Netlist: 
+------+------------------+-------+---------+-------+------------------+
|      |Item              |Errors |Warnings |Status |Description       |
+------+------------------+-------+---------+-------+------------------+
|1     |multi_driven_nets |      0|        0|Passed |Multi driven nets |
+------+------------------+-------+---------+-------+------------------+

---------------------------------------------------------------------------------
Start Renaming Generated Instances
---------------------------------------------------------------------------------
---------------------------------------------------------------------------------
Finished Renaming Generated Instances : Time (s): cpu = 00:00:25 ; elapsed = 00:00:26 . Memory (MB): peak = 587.656 ; gain = 440.086
---------------------------------------------------------------------------------


---------------------------------------------------------------------------------
Start Rebuilding User Hierarchy
---------------------------------------------------------------------------------
---------------------------------------------------------------------------------
Finished Rebuilding User Hierarchy : Time (s): cpu = 00:00:25 ; elapsed = 00:00:26 . Memory (MB): peak = 587.656 ; gain = 440.086
---------------------------------------------------------------------------------

---------------------------------------------------------------------------------
Start RAM, DSP and Shift Register Reporting
---------------------------------------------------------------------------------
---------------------------------------------------------------------------------
Finished RAM, DSP and Shift Register Reporting
---------------------------------------------------------------------------------

---------------------------------------------------------------------------------
Start Writing Synthesis Report
---------------------------------------------------------------------------------

Report BlackBoxes: 
+-+--------------+----------+
| |BlackBox name |Instances |
+-+--------------+----------+
+-+--------------+----------+

Report Cell Usage: 
+------+-------+------+
|      |Cell   |Count |
+------+-------+------+
|1     |BUFG   |     1|
|2     |CARRY4 |     4|
|3     |LUT1   |    17|
|4     |LUT2   |     7|
|5     |LUT3   |     7|
|6     |LUT4   |     4|
|7     |LUT5   |     4|
|8     |LUT6   |    21|
|9     |MUXF7  |     7|
|10    |FDCE   |    18|
|11    |FDRE   |    25|
|12    |IBUF   |     9|
|13    |OBUF   |    11|
+------+-------+------+

Report Instance Areas: 
+------+------------------+-------------+------+
|      |Instance          |Module       |Cells |
+------+------------------+-------------+------+
|1     |top               |             |   135|
|2     |  debouncer_enter |debouncer    |     5|
|3     |  fsm             |lab1fsm      |    20|
|4     |  slowclock_i     |slowclock    |    36|
|5     |  counter         |guessCounter |    36|
|6     |  sevenSegCtrl_i  |sevenSegCtrl |    11|
+------+------------------+-------------+------+
---------------------------------------------------------------------------------
Finished Writing Synthesis Report : Time (s): cpu = 00:00:25 ; elapsed = 00:00:26 . Memory (MB): peak = 587.656 ; gain = 440.086
---------------------------------------------------------------------------------

Synthesis finished with 0 errors, 0 critical warnings and 0 warnings.
Synthesis Optimization Complete : Time (s): cpu = 00:00:25 ; elapsed = 00:00:26 . Memory (MB): peak = 587.656 ; gain = 440.086
INFO: [Netlist 29-17] Analyzing 9 Unisim elements for replacement
INFO: [Netlist 29-28] Unisim Transformation completed in 0 CPU seconds
INFO: [Opt 31-140] Inserted 0 IBUFs to IO ports without IO buffers.
INFO: [Opt 31-141] Inserted 0 OBUFs to IO ports without IO buffers.
INFO: [Opt 31-138] Pushed 0 inverter(s).
INFO: [Memdata 28-144] Successfully populated the BRAM INIT strings from the following elf files: 
INFO: [Project 1-111] Unisim Transformation Summary:
No Unisim elements were transformed.

INFO: [Common 17-83] Releasing license: Synthesis
32 Infos, 0 Warnings, 0 Critical Warnings and 0 Errors encountered.
synth_design completed successfully
synth_design: Time (s): cpu = 00:00:36 ; elapsed = 00:00:38 . Memory (MB): peak = 977.027 ; gain = 790.082
# write_checkpoint lab1NumberGuess.dcp
INFO: [Timing 38-35] Done setting XDC timing constraints.
# report_utilization -file lab1NumberGuess_utilization_synth.rpt -pb lab1NumberGuess_utilization_synth.pb
report_utilization: Time (s): cpu = 00:00:00 ; elapsed = 00:00:00.017 . Memory (MB): peak = 977.027 ; gain = 0.000
INFO: [Common 17-206] Exiting Vivado at Thu Jan 30 10:21:00 2014...
