#-----------------------------------------------------------
# Vivado v2013.4 (64-bit)
# SW Build 353583 on Mon Dec  9 17:49:19 MST 2013
# IP Build 208076 on Mon Dec  2 12:38:17 MST 2013
# Start of session at: Sun Feb 09 14:48:38 2014
# Process ID: 1060
# Log file: U:/private/calculater/vivado.log
# Journal file: U:/private/calculater\vivado.jou
#-----------------------------------------------------------
Attempting to get a license: Implementation
Feature available: Implementation
Loading parts and site information from C:/Xilinx/Vivado/2013.4/data/parts/arch.xml
Parsing RTL primitives file [C:/Xilinx/Vivado/2013.4/data/parts/xilinx/rtl/prims/rtl_prims.xml]
Finished parsing RTL primitives file [C:/Xilinx/Vivado/2013.4/data/parts/xilinx/rtl/prims/rtl_prims.xml]
start_gui
open_project {U:\private\calculater\calculater.xpr}
Scanning sources...
Finished scanning sources
open_project: Time (s): cpu = 00:00:13 ; elapsed = 00:00:07 . Memory (MB): peak = 885.016 ; gain = 69.613
import_files -norecurse {U:/private/keypadCtrl/keypadCtrl.srcs/sources_1/imports/verilog/slowclock.v U:/private/keypadCtrl/keypadCtrl.srcs/sources_1/imports/verilog/bouncer.v U:/private/keypadCtrl/keypadCtrl.srcs/sources_1/new/keypadController.v U:/private/keypadCtrl/keypadCtrl.srcs/sources_1/new/keyConverter.v}
update_compile_order -fileset sources_1
update_compile_order -fileset sources_1
update_compile_order -fileset sim_1
update_compile_order -fileset sources_1
close [ open U:/private/calculater/calculater.srcs/sources_1/new/singleClkSigGen.v w ]
add_files U:/private/calculater/calculater.srcs/sources_1/new/singleClkSigGen.v
update_compile_order -fileset sources_1
close [ open U:/private/calculater/calculater.srcs/sources_1/new/calculator.v w ]
add_files U:/private/calculater/calculater.srcs/sources_1/new/calculator.v
update_compile_order -fileset sources_1
close [ open U:/private/calculater/calculater.srcs/sources_1/new/bin2bcdDec4.v w ]
add_files U:/private/calculater/calculater.srcs/sources_1/new/bin2bcdDec4.v
update_compile_order -fileset sources_1
exit
INFO: [Common 17-206] Exiting Vivado at Sun Feb 09 19:01:30 2014...
